Flow report for PONG
Sat Jul  5 11:30:37 2025
Quartus Prime Version 23.1std.1 Build 993 05/14/2024 SC Lite Edition


---------------------
; Table of Contents ;
---------------------
  1. Legal Notice
  2. Flow Summary
  3. Flow Settings
  4. Flow Non-Default Global Settings
  5. Flow Elapsed Time
  6. Flow OS Summary
  7. Flow Log
  8. Flow Messages
  9. Flow Suppressed Messages



----------------
; Legal Notice ;
----------------
Copyright (C) 2024  Intel Corporation. All rights reserved.
Your use of Intel Corporation's design tools, logic functions 
and other software and tools, and any partner logic 
functions, and any output files from any of the foregoing 
(including device programming or simulation files), and any 
associated documentation or information are expressly subject 
to the terms and conditions of the Intel Program License 
Subscription Agreement, the Intel Quartus Prime License Agreement,
the Intel FPGA IP License Agreement, or other applicable license
agreement, including, without limitation, that your use is for
the sole purpose of programming logic devices manufactured by
Intel and sold by Intel or its authorized distributors.  Please
refer to the applicable agreement for further details, at
https://fpgasoftware.intel.com/eula.



+-------------------------------------------------------------------------------------+
; Flow Summary                                                                        ;
+------------------------------------+------------------------------------------------+
; Flow Status                        ; Successful - Sat Jul  5 11:30:37 2025          ;
; Quartus Prime Version              ; 23.1std.1 Build 993 05/14/2024 SC Lite Edition ;
; Revision Name                      ; PONG                                           ;
; Top-level Entity Name              ; MAIN                                           ;
; Family                             ; Cyclone IV GX                                  ;
; Device                             ; EP4CGX150DF27I7                                ;
; Timing Models                      ; Final                                          ;
; Total logic elements               ; 2,438 / 149,760 ( 2 % )                        ;
;     Total combinational functions  ; 2,405 / 149,760 ( 2 % )                        ;
;     Dedicated logic registers      ; 324 / 149,760 ( < 1 % )                        ;
; Total registers                    ; 324                                            ;
; Total pins                         ; 15 / 426 ( 4 % )                               ;
; Total virtual pins                 ; 0                                              ;
; Total memory bits                  ; 0 / 6,635,520 ( 0 % )                          ;
; Embedded Multiplier 9-bit elements ; 0 / 720 ( 0 % )                                ;
; Total GXB Receiver Channel PCS     ; 0 / 8 ( 0 % )                                  ;
; Total GXB Receiver Channel PMA     ; 0 / 8 ( 0 % )                                  ;
; Total GXB Transmitter Channel PCS  ; 0 / 8 ( 0 % )                                  ;
; Total GXB Transmitter Channel PMA  ; 0 / 8 ( 0 % )                                  ;
; Total PLLs                         ; 1 / 8 ( 13 % )                                 ;
+------------------------------------+------------------------------------------------+


+-----------------------------------------+
; Flow Settings                           ;
+-------------------+---------------------+
; Option            ; Setting             ;
+-------------------+---------------------+
; Start date & time ; 07/05/2025 11:29:02 ;
; Main task         ; Compilation         ;
; Revision Name     ; PONG                ;
+-------------------+---------------------+


+------------------------------------------------------------------------------------------------------------------------------------------------+
; Flow Non-Default Global Settings                                                                                                               ;
+-------------------------------------+----------------------------------------+---------------+-------------+-----------------------------------+
; Assignment Name                     ; Value                                  ; Default Value ; Entity Name ; Section Id                        ;
+-------------------------------------+----------------------------------------+---------------+-------------+-----------------------------------+
; COMPILER_SIGNATURE_ID               ; 262308166983199.175172574259088        ; --            ; --          ; --                                ;
; EDA_GENERATE_FUNCTIONAL_NETLIST     ; Off                                    ; --            ; --          ; eda_board_design_timing           ;
; EDA_GENERATE_FUNCTIONAL_NETLIST     ; Off                                    ; --            ; --          ; eda_board_design_boundary_scan    ;
; EDA_GENERATE_FUNCTIONAL_NETLIST     ; Off                                    ; --            ; --          ; eda_board_design_signal_integrity ;
; EDA_GENERATE_FUNCTIONAL_NETLIST     ; Off                                    ; --            ; --          ; eda_board_design_symbol           ;
; EDA_OUTPUT_DATA_FORMAT              ; Verilog Hdl                            ; --            ; --          ; eda_simulation                    ;
; EDA_SIMULATION_TOOL                 ; Questa Intel FPGA (Verilog)            ; <None>        ; --          ; --                                ;
; EDA_TIME_SCALE                      ; 1 ps                                   ; --            ; --          ; eda_simulation                    ;
; MAX_CORE_JUNCTION_TEMP              ; 100                                    ; --            ; --          ; --                                ;
; MIN_CORE_JUNCTION_TEMP              ; -40                                    ; --            ; --          ; --                                ;
; NOMINAL_CORE_SUPPLY_VOLTAGE         ; 1.2V                                   ; --            ; --          ; --                                ;
; PARTITION_COLOR                     ; -- (Not supported for targeted family) ; --            ; main        ; Top                               ;
; PARTITION_FITTER_PRESERVATION_LEVEL ; -- (Not supported for targeted family) ; --            ; main        ; Top                               ;
; PARTITION_NETLIST_TYPE              ; -- (Not supported for targeted family) ; --            ; main        ; Top                               ;
; POWER_BOARD_THERMAL_MODEL           ; None (CONSERVATIVE)                    ; --            ; --          ; --                                ;
; POWER_PRESET_COOLING_SOLUTION       ; 23 MM HEAT SINK WITH 200 LFPM AIRFLOW  ; --            ; --          ; --                                ;
; PROJECT_OUTPUT_DIRECTORY            ; output_files                           ; --            ; --          ; --                                ;
; TOP_LEVEL_ENTITY                    ; main                                   ; PONG          ; --          ; --                                ;
+-------------------------------------+----------------------------------------+---------------+-------------+-----------------------------------+


+--------------------------------------------------------------------------------------------------------------------------+
; Flow Elapsed Time                                                                                                        ;
+----------------------+--------------+-------------------------+---------------------+------------------------------------+
; Module Name          ; Elapsed Time ; Average Processors Used ; Peak Virtual Memory ; Total CPU Time (on all processors) ;
+----------------------+--------------+-------------------------+---------------------+------------------------------------+
; Analysis & Synthesis ; 00:00:27     ; 1.0                     ; 5045 MB             ; 00:00:42                           ;
; Fitter               ; 00:00:40     ; 1.1                     ; 7024 MB             ; 00:01:27                           ;
; Assembler            ; 00:00:05     ; 1.0                     ; 5138 MB             ; 00:00:05                           ;
; Timing Analyzer      ; 00:00:16     ; 1.9                     ; 5241 MB             ; 00:00:16                           ;
; EDA Netlist Writer   ; 00:00:01     ; 1.0                     ; 4745 MB             ; 00:00:01                           ;
; Total                ; 00:01:29     ; --                      ; --                  ; 00:02:31                           ;
+----------------------+--------------+-------------------------+---------------------+------------------------------------+


+------------------------------------------------------------------------------------+
; Flow OS Summary                                                                    ;
+----------------------+------------------+------------+------------+----------------+
; Module Name          ; Machine Hostname ; OS Name    ; OS Version ; Processor type ;
+----------------------+------------------+------------+------------+----------------+
; Analysis & Synthesis ; PC_do_Pai        ; Windows 10 ; 10.0       ; x86_64         ;
; Fitter               ; PC_do_Pai        ; Windows 10 ; 10.0       ; x86_64         ;
; Assembler            ; PC_do_Pai        ; Windows 10 ; 10.0       ; x86_64         ;
; Timing Analyzer      ; PC_do_Pai        ; Windows 10 ; 10.0       ; x86_64         ;
; EDA Netlist Writer   ; PC_do_Pai        ; Windows 10 ; 10.0       ; x86_64         ;
+----------------------+------------------+------------+------------+----------------+


------------
; Flow Log ;
------------
quartus_map --read_settings_files=on --write_settings_files=off PONG -c PONG
quartus_fit --read_settings_files=off --write_settings_files=off PONG -c PONG
quartus_asm --read_settings_files=off --write_settings_files=off PONG -c PONG
quartus_sta PONG -c PONG
quartus_eda --read_settings_files=off --write_settings_files=off PONG -c PONG



