Analysis & Synthesis report for SYNTH
Sat Jul  5 11:49:47 2025
Quartus Prime Version 23.1std.1 Build 993 05/14/2024 SC Lite Edition


---------------------
; Table of Contents ;
---------------------
  1. Legal Notice
  2. Analysis & Synthesis Summary
  3. Analysis & Synthesis Settings
  4. Parallel Compilation
  5. Analysis & Synthesis Source Files Read
  6. Analysis & Synthesis Resource Usage Summary
  7. Analysis & Synthesis Resource Utilization by Entity
  8. Registers Removed During Synthesis
  9. Removed Registers Triggering Further Register Optimizations
 10. General Register Statistics
 11. Multiplexer Restructuring Statistics (Restructuring Performed)
 12. Parameter Settings for Inferred Entity Instance: OSCILADOR:u_oscilador|lpm_divide:Div0
 13. Post-Synthesis Netlist Statistics for Top Partition
 14. Elapsed Time Per Partition
 15. Analysis & Synthesis Messages



----------------
; Legal Notice ;
----------------
Copyright (C) 2024  Intel Corporation. All rights reserved.
Your use of Intel Corporation's design tools, logic functions 
and other software and tools, and any partner logic 
functions, and any output files from any of the foregoing 
(including device programming or simulation files), and any 
associated documentation or information are expressly subject 
to the terms and conditions of the Intel Program License 
Subscription Agreement, the Intel Quartus Prime License Agreement,
the Intel FPGA IP License Agreement, or other applicable license
agreement, including, without limitation, that your use is for
the sole purpose of programming logic devices manufactured by
Intel and sold by Intel or its authorized distributors.  Please
refer to the applicable agreement for further details, at
https://fpgasoftware.intel.com/eula.



+-------------------------------------------------------------------------------------+
; Analysis & Synthesis Summary                                                        ;
+------------------------------------+------------------------------------------------+
; Analysis & Synthesis Status        ; Successful - Sat Jul  5 11:49:47 2025          ;
; Quartus Prime Version              ; 23.1std.1 Build 993 05/14/2024 SC Lite Edition ;
; Revision Name                      ; SYNTH                                          ;
; Top-level Entity Name              ; MAIN                                           ;
; Family                             ; Cyclone IV GX                                  ;
; Total logic elements               ; 1,452                                          ;
;     Total combinational functions  ; 1,416                                          ;
;     Dedicated logic registers      ; 113                                            ;
; Total registers                    ; 113                                            ;
; Total pins                         ; 5                                              ;
; Total virtual pins                 ; 0                                              ;
; Total memory bits                  ; 0                                              ;
; Embedded Multiplier 9-bit elements ; 0                                              ;
; Total GXB Receiver Channel PCS     ; 0                                              ;
; Total GXB Receiver Channel PMA     ; 0                                              ;
; Total GXB Transmitter Channel PCS  ; 0                                              ;
; Total GXB Transmitter Channel PMA  ; 0                                              ;
; Total PLLs                         ; 0                                              ;
+------------------------------------+------------------------------------------------+


+------------------------------------------------------------------------------------------------------------+
; Analysis & Synthesis Settings                                                                              ;
+------------------------------------------------------------------+--------------------+--------------------+
; Option                                                           ; Setting            ; Default Value      ;
+------------------------------------------------------------------+--------------------+--------------------+
; Device                                                           ; EP4CGX150DF27I7    ;                    ;
; Top-level entity name                                            ; main               ; SYNTH              ;
; Family name                                                      ; Cyclone IV GX      ; Cyclone V          ;
; Use smart compilation                                            ; Off                ; Off                ;
; Enable parallel Assembler and Timing Analyzer during compilation ; On                 ; On                 ;
; Enable compact report table                                      ; Off                ; Off                ;
; Restructure Multiplexers                                         ; Auto               ; Auto               ;
; Create Debugging Nodes for IP Cores                              ; Off                ; Off                ;
; Preserve fewer node names                                        ; On                 ; On                 ;
; Intel FPGA IP Evaluation Mode                                    ; Enable             ; Enable             ;
; Verilog Version                                                  ; Verilog_2001       ; Verilog_2001       ;
; VHDL Version                                                     ; VHDL_1993          ; VHDL_1993          ;
; State Machine Processing                                         ; Auto               ; Auto               ;
; Safe State Machine                                               ; Off                ; Off                ;
; Extract Verilog State Machines                                   ; On                 ; On                 ;
; Extract VHDL State Machines                                      ; On                 ; On                 ;
; Ignore Verilog initial constructs                                ; Off                ; Off                ;
; Iteration limit for constant Verilog loops                       ; 5000               ; 5000               ;
; Iteration limit for non-constant Verilog loops                   ; 250                ; 250                ;
; Add Pass-Through Logic to Inferred RAMs                          ; On                 ; On                 ;
; Infer RAMs from Raw Logic                                        ; On                 ; On                 ;
; Parallel Synthesis                                               ; On                 ; On                 ;
; DSP Block Balancing                                              ; Auto               ; Auto               ;
; NOT Gate Push-Back                                               ; On                 ; On                 ;
; Power-Up Don't Care                                              ; On                 ; On                 ;
; Remove Redundant Logic Cells                                     ; Off                ; Off                ;
; Remove Duplicate Registers                                       ; On                 ; On                 ;
; Ignore CARRY Buffers                                             ; Off                ; Off                ;
; Ignore CASCADE Buffers                                           ; Off                ; Off                ;
; Ignore GLOBAL Buffers                                            ; Off                ; Off                ;
; Ignore ROW GLOBAL Buffers                                        ; Off                ; Off                ;
; Ignore LCELL Buffers                                             ; Off                ; Off                ;
; Ignore SOFT Buffers                                              ; On                 ; On                 ;
; Limit AHDL Integers to 32 Bits                                   ; Off                ; Off                ;
; Optimization Technique                                           ; Balanced           ; Balanced           ;
; Carry Chain Length                                               ; 70                 ; 70                 ;
; Auto Carry Chains                                                ; On                 ; On                 ;
; Auto Open-Drain Pins                                             ; On                 ; On                 ;
; Perform WYSIWYG Primitive Resynthesis                            ; Off                ; Off                ;
; Auto ROM Replacement                                             ; On                 ; On                 ;
; Auto RAM Replacement                                             ; On                 ; On                 ;
; Auto DSP Block Replacement                                       ; On                 ; On                 ;
; Auto Shift Register Replacement                                  ; Auto               ; Auto               ;
; Allow Shift Register Merging across Hierarchies                  ; Auto               ; Auto               ;
; Auto Clock Enable Replacement                                    ; On                 ; On                 ;
; Strict RAM Replacement                                           ; Off                ; Off                ;
; Allow Synchronous Control Signals                                ; On                 ; On                 ;
; Force Use of Synchronous Clear Signals                           ; Off                ; Off                ;
; Auto RAM Block Balancing                                         ; On                 ; On                 ;
; Auto RAM to Logic Cell Conversion                                ; Off                ; Off                ;
; Auto Resource Sharing                                            ; Off                ; Off                ;
; Allow Any RAM Size For Recognition                               ; Off                ; Off                ;
; Allow Any ROM Size For Recognition                               ; Off                ; Off                ;
; Allow Any Shift Register Size For Recognition                    ; Off                ; Off                ;
; Use LogicLock Constraints during Resource Balancing              ; On                 ; On                 ;
; Ignore translate_off and synthesis_off directives                ; Off                ; Off                ;
; Timing-Driven Synthesis                                          ; On                 ; On                 ;
; Report Parameter Settings                                        ; On                 ; On                 ;
; Report Source Assignments                                        ; On                 ; On                 ;
; Report Connectivity Checks                                       ; On                 ; On                 ;
; Ignore Maximum Fan-Out Assignments                               ; Off                ; Off                ;
; Synchronization Register Chain Length                            ; 2                  ; 2                  ;
; Power Optimization During Synthesis                              ; Normal compilation ; Normal compilation ;
; HDL message level                                                ; Level2             ; Level2             ;
; Suppress Register Optimization Related Messages                  ; Off                ; Off                ;
; Number of Removed Registers Reported in Synthesis Report         ; 5000               ; 5000               ;
; Number of Swept Nodes Reported in Synthesis Report               ; 5000               ; 5000               ;
; Number of Inverted Registers Reported in Synthesis Report        ; 100                ; 100                ;
; Clock MUX Protection                                             ; On                 ; On                 ;
; Auto Gated Clock Conversion                                      ; Off                ; Off                ;
; Block Design Naming                                              ; Auto               ; Auto               ;
; SDC constraint protection                                        ; Off                ; Off                ;
; Synthesis Effort                                                 ; Auto               ; Auto               ;
; Shift Register Replacement - Allow Asynchronous Clear Signal     ; On                 ; On                 ;
; Pre-Mapping Resynthesis Optimization                             ; Off                ; Off                ;
; Analysis & Synthesis Message Level                               ; Medium             ; Medium             ;
; Disable Register Merging Across Hierarchies                      ; Auto               ; Auto               ;
; Resource Aware Inference For Block RAM                           ; On                 ; On                 ;
+------------------------------------------------------------------+--------------------+--------------------+


+------------------------------------------+
; Parallel Compilation                     ;
+----------------------------+-------------+
; Processors                 ; Number      ;
+----------------------------+-------------+
; Number detected on machine ; 16          ;
; Maximum allowed            ; 16          ;
;                            ;             ;
; Average used               ; 1.00        ;
; Maximum used               ; 16          ;
;                            ;             ;
; Usage by Processor         ; % Time Used ;
;     Processor 1            ; 100.0%      ;
;     Processor 2            ;   0.1%      ;
;     Processor 3            ;   0.0%      ;
;     Processor 4            ;   0.0%      ;
;     Processor 5            ;   0.0%      ;
;     Processor 6            ;   0.0%      ;
;     Processor 7            ;   0.0%      ;
;     Processors 8-16        ;   0.0%      ;
+----------------------------+-------------+


+-----------------------------------------------------------------------------------------------------------------------------------------------------------------------------+
; Analysis & Synthesis Source Files Read                                                                                                                                      ;
+----------------------------------+-----------------+------------------------------+-------------------------------------------------------------------------------+---------+
; File Name with User-Entered Path ; Used in Netlist ; File Type                    ; File Name with Absolute Path                                                  ; Library ;
+----------------------------------+-----------------+------------------------------+-------------------------------------------------------------------------------+---------+
; TECLADO.vhd                      ; yes             ; User VHDL File               ; C:/Users/guilh/Documents/TCC/SYNTH/TECLADO.vhd                                ;         ;
; OSCILADOR.vhd                    ; yes             ; User VHDL File               ; C:/Users/guilh/Documents/TCC/SYNTH/OSCILADOR.vhd                              ;         ;
; main.vhd                         ; yes             ; User VHDL File               ; C:/Users/guilh/Documents/TCC/SYNTH/main.vhd                                   ;         ;
; TEC_FF.vhd                       ; yes             ; User VHDL File               ; C:/Users/guilh/Documents/TCC/SYNTH/TEC_FF.vhd                                 ;         ;
; SYNC.vhd                         ; yes             ; User VHDL File               ; C:/Users/guilh/Documents/TCC/SYNTH/SYNC.vhd                                   ;         ;
; lpm_divide.tdf                   ; yes             ; Megafunction                 ; c:/intelfpga_lite/23.1std/quartus/libraries/megafunctions/lpm_divide.tdf      ;         ;
; abs_divider.inc                  ; yes             ; Megafunction                 ; c:/intelfpga_lite/23.1std/quartus/libraries/megafunctions/abs_divider.inc     ;         ;
; sign_div_unsign.inc              ; yes             ; Megafunction                 ; c:/intelfpga_lite/23.1std/quartus/libraries/megafunctions/sign_div_unsign.inc ;         ;
; aglobal231.inc                   ; yes             ; Megafunction                 ; c:/intelfpga_lite/23.1std/quartus/libraries/megafunctions/aglobal231.inc      ;         ;
; db/lpm_divide_bom.tdf            ; yes             ; Auto-Generated Megafunction  ; C:/Users/guilh/Documents/TCC/SYNTH/db/lpm_divide_bom.tdf                      ;         ;
; db/sign_div_unsign_9nh.tdf       ; yes             ; Auto-Generated Megafunction  ; C:/Users/guilh/Documents/TCC/SYNTH/db/sign_div_unsign_9nh.tdf                 ;         ;
; db/alt_u_div_0ef.tdf             ; yes             ; Auto-Generated Megafunction  ; C:/Users/guilh/Documents/TCC/SYNTH/db/alt_u_div_0ef.tdf                       ;         ;
; db/add_sub_1tc.tdf               ; yes             ; Auto-Generated Megafunction  ; C:/Users/guilh/Documents/TCC/SYNTH/db/add_sub_1tc.tdf                         ;         ;
; db/add_sub_2tc.tdf               ; yes             ; Auto-Generated Megafunction  ; C:/Users/guilh/Documents/TCC/SYNTH/db/add_sub_2tc.tdf                         ;         ;
+----------------------------------+-----------------+------------------------------+-------------------------------------------------------------------------------+---------+


+---------------------------------------------+
; Analysis & Synthesis Resource Usage Summary ;
+--------------------------+------------------+
; Resource                 ; Usage            ;
+--------------------------+------------------+
; I/O pins                 ; 5                ;
;                          ;                  ;
; DSP block 9-bit elements ; 0                ;
;                          ;                  ;
; Maximum fan-out node     ; clock~input      ;
; Maximum fan-out          ; 92               ;
; Total fan-out            ; 4558             ;
; Average fan-out          ; 2.96             ;
+--------------------------+------------------+


+-----------------------------------------------------------------------------------------------------------------------------------------------------------------------------------------------------------------------------------------------------------------------------------------------------------------------------------------------------+
; Analysis & Synthesis Resource Utilization by Entity                                                                                                                                                                                                                                                                                                 ;
+-------------------------------------------+---------------------+---------------------------+-------------+--------------+---------+-----------+-----------+------+--------------+-----------------------------------------------------------------------------------------------------------------------------+---------------------+--------------+
; Compilation Hierarchy Node                ; Combinational ALUTs ; Dedicated Logic Registers ; Memory Bits ; DSP Elements ; DSP 9x9 ; DSP 18x18 ; DSP 36x36 ; Pins ; Virtual Pins ; Full Hierarchy Name                                                                                                         ; Entity Name         ; Library Name ;
+-------------------------------------------+---------------------+---------------------------+-------------+--------------+---------+-----------+-----------+------+--------------+-----------------------------------------------------------------------------------------------------------------------------+---------------------+--------------+
; |MAIN                                     ; 1416 (0)            ; 113 (0)                   ; 0           ; 0            ; 0       ; 0         ; 0         ; 5    ; 0            ; |MAIN                                                                                                                       ; MAIN                ; work         ;
;    |OSCILADOR:u_oscilador|                ; 1318 (106)          ; 62 (62)                   ; 0           ; 0            ; 0       ; 0         ; 0         ; 0    ; 0            ; |MAIN|OSCILADOR:u_oscilador                                                                                                 ; OSCILADOR           ; work         ;
;       |lpm_divide:Div0|                   ; 1212 (0)            ; 0 (0)                     ; 0           ; 0            ; 0       ; 0         ; 0         ; 0    ; 0            ; |MAIN|OSCILADOR:u_oscilador|lpm_divide:Div0                                                                                 ; lpm_divide          ; work         ;
;          |lpm_divide_bom:auto_generated|  ; 1212 (0)            ; 0 (0)                     ; 0           ; 0            ; 0       ; 0         ; 0         ; 0    ; 0            ; |MAIN|OSCILADOR:u_oscilador|lpm_divide:Div0|lpm_divide_bom:auto_generated                                                   ; lpm_divide_bom      ; work         ;
;             |sign_div_unsign_9nh:divider| ; 1212 (0)            ; 0 (0)                     ; 0           ; 0            ; 0       ; 0         ; 0         ; 0    ; 0            ; |MAIN|OSCILADOR:u_oscilador|lpm_divide:Div0|lpm_divide_bom:auto_generated|sign_div_unsign_9nh:divider                       ; sign_div_unsign_9nh ; work         ;
;                |alt_u_div_0ef:divider|    ; 1212 (1212)         ; 0 (0)                     ; 0           ; 0            ; 0       ; 0         ; 0         ; 0    ; 0            ; |MAIN|OSCILADOR:u_oscilador|lpm_divide:Div0|lpm_divide_bom:auto_generated|sign_div_unsign_9nh:divider|alt_u_div_0ef:divider ; alt_u_div_0ef       ; work         ;
;    |TECLADO:u_teclado|                    ; 11 (11)             ; 21 (21)                   ; 0           ; 0            ; 0       ; 0         ; 0         ; 0    ; 0            ; |MAIN|TECLADO:u_teclado                                                                                                     ; TECLADO             ; work         ;
;    |TEC_FF:u_tecff|                       ; 87 (87)             ; 28 (28)                   ; 0           ; 0            ; 0       ; 0         ; 0         ; 0    ; 0            ; |MAIN|TEC_FF:u_tecff                                                                                                        ; TEC_FF              ; work         ;
;    |sync:u_SYNC|                          ; 0 (0)               ; 2 (2)                     ; 0           ; 0            ; 0       ; 0         ; 0         ; 0    ; 0            ; |MAIN|sync:u_SYNC                                                                                                           ; sync                ; work         ;
+-------------------------------------------+---------------------+---------------------------+-------------+--------------+---------+-----------+-----------+------+--------------+-----------------------------------------------------------------------------------------------------------------------------+---------------------+--------------+
Note: For table entries with two numbers listed, the numbers in parentheses indicate the number of resources of the given type used by the specific entity alone. The numbers listed outside of parentheses indicate the total resources of the given type used by the specific entity and all of its sub-entities in the hierarchy.


+----------------------------------------------------------------------------------------+
; Registers Removed During Synthesis                                                     ;
+----------------------------------------+-----------------------------------------------+
; Register name                          ; Reason for Removal                            ;
+----------------------------------------+-----------------------------------------------+
; OSCILADOR:u_oscilador|audio_L_reg      ; Merged with OSCILADOR:u_oscilador|audio_R_reg ;
; TEC_FF:u_tecff|L_REG[11..30]           ; Merged with TEC_FF:u_tecff|L_REG[10]          ;
; TEC_FF:u_tecff|L_REG[10]               ; Stuck at GND due to stuck port data_in        ;
; OSCILADOR:u_oscilador|freq_L_IN[30]    ; Stuck at GND due to stuck port data_in        ;
; Total Number of Removed Registers = 23 ;                                               ;
+----------------------------------------+-----------------------------------------------+


+-----------------------------------------------------------------------------------------------+
; Removed Registers Triggering Further Register Optimizations                                   ;
+--------------------------+---------------------------+----------------------------------------+
; Register name            ; Reason for Removal        ; Registers Removed due to This Register ;
+--------------------------+---------------------------+----------------------------------------+
; TEC_FF:u_tecff|L_REG[10] ; Stuck at GND              ; OSCILADOR:u_oscilador|freq_L_IN[30]    ;
;                          ; due to stuck port data_in ;                                        ;
+--------------------------+---------------------------+----------------------------------------+


+------------------------------------------------------+
; General Register Statistics                          ;
+----------------------------------------------+-------+
; Statistic                                    ; Value ;
+----------------------------------------------+-------+
; Total registers                              ; 113   ;
; Number of registers using Synchronous Clear  ; 41    ;
; Number of registers using Synchronous Load   ; 10    ;
; Number of registers using Asynchronous Clear ; 0     ;
; Number of registers using Asynchronous Load  ; 0     ;
; Number of registers using Clock Enable       ; 73    ;
; Number of registers using Preset             ; 0     ;
+----------------------------------------------+-------+


+----------------------------------------------------------------------------------------------------------------------------------------------+
; Multiplexer Restructuring Statistics (Restructuring Performed)                                                                               ;
+--------------------+-----------+---------------+----------------------+------------------------+------------+--------------------------------+
; Multiplexer Inputs ; Bus Width ; Baseline Area ; Area if Restructured ; Saving if Restructured ; Registered ; Example Multiplexer Output     ;
+--------------------+-----------+---------------+----------------------+------------------------+------------+--------------------------------+
; 257:1              ; 11 bits   ; 1881 LEs      ; 352 LEs              ; 1529 LEs               ; Yes        ; |MAIN|TEC_FF:u_tecff|L_REG[10] ;
+--------------------+-----------+---------------+----------------------+------------------------+------------+--------------------------------+


+----------------------------------------------------------------------------------------+
; Parameter Settings for Inferred Entity Instance: OSCILADOR:u_oscilador|lpm_divide:Div0 ;
+------------------------+----------------+----------------------------------------------+
; Parameter Name         ; Value          ; Type                                         ;
+------------------------+----------------+----------------------------------------------+
; LPM_WIDTHN             ; 32             ; Untyped                                      ;
; LPM_WIDTHD             ; 32             ; Untyped                                      ;
; LPM_NREPRESENTATION    ; UNSIGNED       ; Untyped                                      ;
; LPM_DREPRESENTATION    ; UNSIGNED       ; Untyped                                      ;
; LPM_PIPELINE           ; 0              ; Untyped                                      ;
; LPM_REMAINDERPOSITIVE  ; TRUE           ; Untyped                                      ;
; MAXIMIZE_SPEED         ; 5              ; Untyped                                      ;
; CBXI_PARAMETER         ; lpm_divide_bom ; Untyped                                      ;
; CARRY_CHAIN            ; MANUAL         ; Untyped                                      ;
; OPTIMIZE_FOR_SPEED     ; 5              ; Untyped                                      ;
; AUTO_CARRY_CHAINS      ; ON             ; AUTO_CARRY                                   ;
; IGNORE_CARRY_BUFFERS   ; OFF            ; IGNORE_CARRY                                 ;
; AUTO_CASCADE_CHAINS    ; ON             ; AUTO_CASCADE                                 ;
; IGNORE_CASCADE_BUFFERS ; OFF            ; IGNORE_CASCADE                               ;
+------------------------+----------------+----------------------------------------------+
Note: In order to hide this table in the UI and the text report file, please set the "Show Parameter Settings in Synthesis Report" option in "Analysis and Synthesis Settings -> More Settings" to "Off".


+-----------------------------------------------------+
; Post-Synthesis Netlist Statistics for Top Partition ;
+-----------------------+-----------------------------+
; Type                  ; Count                       ;
+-----------------------+-----------------------------+
; boundary_port         ; 5                           ;
; cycloneiii_ff         ; 113                         ;
;     ENA               ; 32                          ;
;     ENA SCLR          ; 31                          ;
;     ENA SCLR SLD      ; 10                          ;
;     plain             ; 40                          ;
; cycloneiii_lcell_comb ; 1416                        ;
;     arith             ; 543                         ;
;         2 data inputs ; 49                          ;
;         3 data inputs ; 494                         ;
;     normal            ; 873                         ;
;         0 data inputs ; 30                          ;
;         1 data inputs ; 2                           ;
;         2 data inputs ; 285                         ;
;         3 data inputs ; 185                         ;
;         4 data inputs ; 371                         ;
;                       ;                             ;
; Max LUT depth         ; 107.40                      ;
; Average LUT depth     ; 89.08                       ;
+-----------------------+-----------------------------+


+-------------------------------+
; Elapsed Time Per Partition    ;
+----------------+--------------+
; Partition Name ; Elapsed Time ;
+----------------+--------------+
; Top            ; 00:00:08     ;
+----------------+--------------+


+-------------------------------+
; Analysis & Synthesis Messages ;
+-------------------------------+
Info: *******************************************************************
Info: Running Quartus Prime Analysis & Synthesis
    Info: Version 23.1std.1 Build 993 05/14/2024 SC Lite Edition
    Info: Processing started: Sat Jul  5 11:49:27 2025
Info: Command: quartus_map --read_settings_files=on --write_settings_files=off SYNTH -c SYNTH
Warning (18236): Number of processors has not been specified which may cause overloading on shared machines.  Set the global assignment NUM_PARALLEL_PROCESSORS in your QSF to an appropriate value for best performance.
Info (20030): Parallel compilation is enabled and will use 16 of the 16 processors detected
Info (12021): Found 2 design units, including 1 entities, in source file teclado.vhd
    Info (12022): Found design unit 1: TECLADO-Behavioral File: C:/Users/guilh/Documents/TCC/SYNTH/TECLADO.vhd Line: 15
    Info (12023): Found entity 1: TECLADO File: C:/Users/guilh/Documents/TCC/SYNTH/TECLADO.vhd Line: 5
Info (12021): Found 2 design units, including 1 entities, in source file oscilador.vhd
    Info (12022): Found design unit 1: OSCILADOR-Behavioral File: C:/Users/guilh/Documents/TCC/SYNTH/OSCILADOR.vhd Line: 15
    Info (12023): Found entity 1: OSCILADOR File: C:/Users/guilh/Documents/TCC/SYNTH/OSCILADOR.vhd Line: 5
Info (12021): Found 2 design units, including 1 entities, in source file main.vhd
    Info (12022): Found design unit 1: MAIN-Behavioral File: C:/Users/guilh/Documents/TCC/SYNTH/main.vhd Line: 15
    Info (12023): Found entity 1: MAIN File: C:/Users/guilh/Documents/TCC/SYNTH/main.vhd Line: 5
Info (12021): Found 2 design units, including 1 entities, in source file tec_ff.vhd
    Info (12022): Found design unit 1: TEC_FF-behavioral File: C:/Users/guilh/Documents/TCC/SYNTH/TEC_FF.vhd Line: 16
    Info (12023): Found entity 1: TEC_FF File: C:/Users/guilh/Documents/TCC/SYNTH/TEC_FF.vhd Line: 6
Info (12021): Found 2 design units, including 1 entities, in source file sync.vhd
    Info (12022): Found design unit 1: sync-behavioral File: C:/Users/guilh/Documents/TCC/SYNTH/SYNC.vhd Line: 12
    Info (12023): Found entity 1: sync File: C:/Users/guilh/Documents/TCC/SYNTH/SYNC.vhd Line: 5
Info (12127): Elaborating entity "main" for the top level hierarchy
Info (12129): Elaborating entity "TECLADO" using architecture "A:behavioral" for hierarchy "TECLADO:u_teclado" File: C:/Users/guilh/Documents/TCC/SYNTH/main.vhd Line: 33
Info (12129): Elaborating entity "sync" using architecture "A:behavioral" for hierarchy "sync:u_SYNC" File: C:/Users/guilh/Documents/TCC/SYNTH/main.vhd Line: 42
Info (12129): Elaborating entity "OSCILADOR" using architecture "A:behavioral" for hierarchy "OSCILADOR:u_oscilador" File: C:/Users/guilh/Documents/TCC/SYNTH/main.vhd Line: 49
Info (12129): Elaborating entity "TEC_FF" using architecture "A:behavioral" for hierarchy "TEC_FF:u_tecff" File: C:/Users/guilh/Documents/TCC/SYNTH/main.vhd Line: 58
Info (278001): Inferred 1 megafunctions from design logic
    Info (278004): Inferred divider/modulo megafunction ("lpm_divide") from the following logic: "OSCILADOR:u_oscilador|Div0" File: C:/Users/guilh/Documents/TCC/SYNTH/OSCILADOR.vhd Line: 33
Info (12130): Elaborated megafunction instantiation "OSCILADOR:u_oscilador|lpm_divide:Div0" File: C:/Users/guilh/Documents/TCC/SYNTH/OSCILADOR.vhd Line: 33
Info (12133): Instantiated megafunction "OSCILADOR:u_oscilador|lpm_divide:Div0" with the following parameter: File: C:/Users/guilh/Documents/TCC/SYNTH/OSCILADOR.vhd Line: 33
    Info (12134): Parameter "LPM_WIDTHN" = "32"
    Info (12134): Parameter "LPM_WIDTHD" = "32"
    Info (12134): Parameter "LPM_NREPRESENTATION" = "UNSIGNED"
    Info (12134): Parameter "LPM_DREPRESENTATION" = "UNSIGNED"
Info (12021): Found 1 design units, including 1 entities, in source file db/lpm_divide_bom.tdf
    Info (12023): Found entity 1: lpm_divide_bom File: C:/Users/guilh/Documents/TCC/SYNTH/db/lpm_divide_bom.tdf Line: 25
Info (12021): Found 1 design units, including 1 entities, in source file db/sign_div_unsign_9nh.tdf
    Info (12023): Found entity 1: sign_div_unsign_9nh File: C:/Users/guilh/Documents/TCC/SYNTH/db/sign_div_unsign_9nh.tdf Line: 25
Info (12021): Found 1 design units, including 1 entities, in source file db/alt_u_div_0ef.tdf
    Info (12023): Found entity 1: alt_u_div_0ef File: C:/Users/guilh/Documents/TCC/SYNTH/db/alt_u_div_0ef.tdf Line: 27
Info (12021): Found 1 design units, including 1 entities, in source file db/add_sub_1tc.tdf
    Info (12023): Found entity 1: add_sub_1tc File: C:/Users/guilh/Documents/TCC/SYNTH/db/add_sub_1tc.tdf Line: 23
Info (12021): Found 1 design units, including 1 entities, in source file db/add_sub_2tc.tdf
    Info (12023): Found entity 1: add_sub_2tc File: C:/Users/guilh/Documents/TCC/SYNTH/db/add_sub_2tc.tdf Line: 23
Info (286030): Timing-Driven Synthesis is running
Info (16010): Generating hard_block partition "hard_block:auto_generated_inst"
    Info (16011): Adding 0 node(s), including 0 DDIO, 0 PLL, 0 transceiver and 0 LCELL
Info (21057): Implemented 1457 device resources after synthesis - the final resource count might be different
    Info (21058): Implemented 3 input pins
    Info (21059): Implemented 2 output pins
    Info (21061): Implemented 1452 logic cells
Info: Quartus Prime Analysis & Synthesis was successful. 0 errors, 1 warning
    Info: Peak virtual memory: 5027 megabytes
    Info: Processing ended: Sat Jul  5 11:49:47 2025
    Info: Elapsed time: 00:00:20
    Info: Total CPU time (on all processors): 00:00:39


